<?xml version="1.0" encoding="UTF-8"?>
<!-- Generated by org.testng.reporters.JUnitXMLReporter -->
<testsuite ignored="0" hostname="CMDB-218751" failures="1" tests="3" name="Surefire test" time="0.062" errors="0" timestamp="2025-07-31T20:47:26 QYZT">
  <testcase classname="MainTest" name="testOne" time="0.011"/>
  <testcase classname="MainTest" name="testThree" time="0.009">
    <failure type="java.lang.AssertionError" message="2 + 2 should equal 4 expected [true] but found [false]">
      <![CDATA[java.lang.AssertionError: 2 + 2 should equal 4 expected [true] but found [false]
at MainTest.testThree(MainTest.java:17)
at java.base/java.util.ArrayList.forEach(ArrayList.java:1511)
... Removed 35 stack frames]]>
    </failure>
  </testcase> <!-- testThree -->
  <testcase classname="MainTest" name="testTwo" time="0.001"/>
</testsuite> <!-- Surefire test -->
